timestamp: 2021-05-13T23:52:40.349487
CREATE TABLE "auth_user"(
    "id" INTEGER PRIMARY KEY AUTOINCREMENT,
    "username" CHAR(512) UNIQUE,
    "email" CHAR(512) UNIQUE,
    "password" CHAR(512),
    "first_name" CHAR(512),
    "last_name" CHAR(512),
    "sso_id" CHAR(512),
    "action_token" CHAR(512),
    "last_password_change" TIMESTAMP,
    "past_passwords_hash" TEXT
);
success!
timestamp: 2021-05-13T23:52:40.772571
CREATE TABLE "auth_user_tag_groups"(
    "id" INTEGER PRIMARY KEY AUTOINCREMENT,
    "path" CHAR(512),
    "record_id" INTEGER REFERENCES "auth_user" ("id") ON DELETE CASCADE  
);
success!
timestamp: 2021-05-13T23:52:40.926440
CREATE TABLE "profile"(
    "id" INTEGER PRIMARY KEY AUTOINCREMENT,
    "user_id" INTEGER REFERENCES "auth_user" ("id") ON DELETE CASCADE   UNIQUE,
    "avatar" CHAR(512),
    "bio" TEXT
);
success!
timestamp: 2021-05-13T23:52:40.991339
CREATE TABLE "band"(
    "id" INTEGER PRIMARY KEY AUTOINCREMENT,
    "name" CHAR(512),
    "image" CHAR(512),
    "bio" CHAR(512)
);
success!
timestamp: 2021-05-13T23:52:41.052729
CREATE TABLE "album"(
    "id" INTEGER PRIMARY KEY AUTOINCREMENT,
    "band_id" INTEGER REFERENCES "band" ("id") ON DELETE CASCADE  ,
    "name" CHAR(512),
    "image" CHAR(512),
    "date" DATE
);
success!
timestamp: 2021-05-13T23:52:41.112356
CREATE TABLE "song"(
    "id" INTEGER PRIMARY KEY AUTOINCREMENT,
    "band_id" INTEGER REFERENCES "band" ("id") ON DELETE CASCADE  ,
    "album_id" INTEGER REFERENCES "album" ("id") ON DELETE CASCADE  ,
    "name" CHAR(512),
    "lines" TEXT
);
success!
timestamp: 2021-05-13T23:52:41.173214
CREATE TABLE "comment"(
    "id" INTEGER PRIMARY KEY AUTOINCREMENT,
    "user_id" INTEGER REFERENCES "auth_user" ("id") ON DELETE CASCADE  ,
    "song_id" INTEGER REFERENCES "song" ("id") ON DELETE CASCADE  ,
    "datetime" TIMESTAMP,
    "line_number" CHAR(512),
    "text" CHAR(512)
);
success!
success!
